2024-04-06T09:46:44.648+03:00  INFO 12924 --- [main] com.pingme.ping.PingApplication          : Starting PingApplication using Java 17.0.10 with PID 12924 (C:\Git repos\PingmeLab\target\classes started by Никита in C:\Git repos\PingmeLab)
2024-04-06T09:46:44.656+03:00  INFO 12924 --- [main] com.pingme.ping.PingApplication          : No active profile set, falling back to 1 default profile: "default"
2024-04-06T09:46:46.108+03:00  INFO 12924 --- [main] .s.d.r.c.RepositoryConfigurationDelegate : Bootstrapping Spring Data JPA repositories in DEFAULT mode.
2024-04-06T09:46:46.258+03:00  INFO 12924 --- [main] .s.d.r.c.RepositoryConfigurationDelegate : Finished Spring Data repository scanning in 130 ms. Found 3 JPA repository interfaces.
2024-04-06T09:46:47.624+03:00  INFO 12924 --- [main] o.s.b.w.embedded.tomcat.TomcatWebServer  : Tomcat initialized with port 8080 (http)
2024-04-06T09:46:47.650+03:00  INFO 12924 --- [main] o.apache.catalina.core.StandardService   : Starting service [Tomcat]
2024-04-06T09:46:47.651+03:00  INFO 12924 --- [main] o.apache.catalina.core.StandardEngine    : Starting Servlet engine: [Apache Tomcat/10.1.19]
2024-04-06T09:46:47.804+03:00  INFO 12924 --- [main] o.a.c.c.C.[Tomcat].[localhost].[/]       : Initializing Spring embedded WebApplicationContext
2024-04-06T09:46:47.806+03:00  INFO 12924 --- [main] w.s.c.ServletWebServerApplicationContext : Root WebApplicationContext: initialization completed in 3039 ms
2024-04-06T09:46:48.342+03:00  INFO 12924 --- [main] o.hibernate.jpa.internal.util.LogHelper  : HHH000204: Processing PersistenceUnitInfo [name: default]
2024-04-06T09:46:48.489+03:00  INFO 12924 --- [main] org.hibernate.Version                    : HHH000412: Hibernate ORM core version 6.4.4.Final
2024-04-06T09:46:48.572+03:00  INFO 12924 --- [main] o.h.c.internal.RegionFactoryInitiator    : HHH000026: Second-level cache disabled
2024-04-06T09:46:49.015+03:00  INFO 12924 --- [main] o.s.o.j.p.SpringPersistenceUnitInfo      : No LoadTimeWeaver setup: ignoring JPA class transformer
2024-04-06T09:46:49.077+03:00  INFO 12924 --- [main] com.zaxxer.hikari.HikariDataSource       : HikariPool-1 - Starting...
2024-04-06T09:46:49.457+03:00  INFO 12924 --- [main] com.zaxxer.hikari.pool.HikariPool        : HikariPool-1 - Added connection org.postgresql.jdbc.PgConnection@b428830
2024-04-06T09:46:49.461+03:00  INFO 12924 --- [main] com.zaxxer.hikari.HikariDataSource       : HikariPool-1 - Start completed.
2024-04-06T09:46:49.543+03:00  WARN 12924 --- [main] org.hibernate.orm.deprecation            : HHH90000025: PostgreSQLDialect does not need to be specified explicitly using 'hibernate.dialect' (remove the property setting and it will be selected by default)
2024-04-06T09:46:51.351+03:00  INFO 12924 --- [main] o.h.e.t.j.p.i.JtaPlatformInitiator       : HHH000489: No JTA platform available (set 'hibernate.transaction.jta.platform' to enable JTA platform integration)
2024-04-06T09:46:51.501+03:00  INFO 12924 --- [main] j.LocalContainerEntityManagerFactoryBean : Initialized JPA EntityManagerFactory for persistence unit 'default'
2024-04-06T09:46:52.156+03:00  INFO 12924 --- [main] o.s.d.j.r.query.QueryEnhancerFactory     : Hibernate is in classpath; If applicable, HQL parser will be used.
2024-04-06T09:46:53.096+03:00  WARN 12924 --- [main] JpaBaseConfiguration$JpaWebConfiguration : spring.jpa.open-in-view is enabled by default. Therefore, database queries may be performed during view rendering. Explicitly configure spring.jpa.open-in-view to disable this warning
2024-04-06T09:46:54.321+03:00  INFO 12924 --- [main] o.s.b.w.embedded.tomcat.TomcatWebServer  : Tomcat started on port 8080 (http) with context path ''
2024-04-06T09:46:54.344+03:00  INFO 12924 --- [main] com.pingme.ping.PingApplication          : Started PingApplication in 10.507 seconds (process running for 11.411)
